IMLib/build/outputs/logs/manifest-merger-release-report.txt
-- Merging decision tree log ---
manifest
ADDED from 20190808_1.0.1\IMLib\AndroidManifest.xml:1:1-77:12
INJECTED from 20190808_1.0.1\IMLib\AndroidManifest.xml:1:1-77:12
INJECTED from 20190808_1.0.1\IMLib\AndroidManifest.xml:1:1-77:12
INJECTED from 20190808_1.0.1\IMLib\AndroidManifest.xml:1:1-77:12
INJECTED from 20190808_1.0.1\IMLib\AndroidManifest.xml:1:1-77:12
INJECTED from 20190808_1.0.1\IMLib\AndroidManifest.xml:1:1-77:12
INJECTED from 20190808_1.0.1\IMLib\AndroidManifest.xml:1:1-77:12
	package
		ADDED from 20190808_1.0.1\IMLib\AndroidManifest.xml:2:5-28
		INJECTED from 20190808_1.0.1\IMLib\AndroidManifest.xml
		INJECTED from 20190808_1.0.1\IMLib\AndroidManifest.xml
	android:versionName
		INJECTED from 20190808_1.0.1\IMLib\AndroidManifest.xml
		ADDED from 20190808_1.0.1\IMLib\AndroidManifest.xml:1:1-77:12
		INJECTED from 20190808_1.0.1\IMLib\AndroidManifest.xml
	android:versionCode
		INJECTED from 20190808_1.0.1\IMLib\AndroidManifest.xml
		ADDED from 20190808_1.0.1\IMLib\AndroidManifest.xml:1:1-77:12
		INJECTED from 20190808_1.0.1\IMLib\AndroidManifest.xml
	xmlns:android
		ADDED from 20190808_1.0.1\IMLib\AndroidManifest.xml:1:11-69
uses-permission#android.permission.WRITE_EXTERNAL_STORAGE
ADDED from 20190808_1.0.1\IMLib\AndroidManifest.xml:5:5-81
	android:name
		ADDED from 20190808_1.0.1\IMLib\AndroidManifest.xml:5:22-78
uses-permission#android.permission.INTERNET
ADDED from 20190808_1.0.1\IMLib\AndroidManifest.xml:7:5-67
	android:name
		ADDED from 20190808_1.0.1\IMLib\AndroidManifest.xml:7:22-64
uses-permission#android.permission.ACCESS_NETWORK_STATE
ADDED from 20190808_1.0.1\IMLib\AndroidManifest.xml:8:5-79
	android:name
		ADDED from 20190808_1.0.1\IMLib\AndroidManifest.xml:8:22-76
uses-permission#android.permission.ACCESS_WIFI_STATE
ADDED from 20190808_1.0.1\IMLib\AndroidManifest.xml:9:5-76
	android:name
		ADDED from 20190808_1.0.1\IMLib\AndroidManifest.xml:9:22-73
uses-permission#android.permission.WAKE_LOCK
ADDED from 20190808_1.0.1\IMLib\AndroidManifest.xml:11:5-68
	android:name
		ADDED from 20190808_1.0.1\IMLib\AndroidManifest.xml:11:22-65
uses-permission#android.permission.ACCESS_FINE_LOCATION
ADDED from 20190808_1.0.1\IMLib\AndroidManifest.xml:13:5-79
	android:name
		ADDED from 20190808_1.0.1\IMLib\AndroidManifest.xml:13:22-76
uses-permission#android.permission.READ_PHONE_STATE
ADDED from 20190808_1.0.1\IMLib\AndroidManifest.xml:14:5-75
	android:name
		ADDED from 20190808_1.0.1\IMLib\AndroidManifest.xml:14:22-72
uses-permission#android.permission.RECORD_AUDIO
ADDED from 20190808_1.0.1\IMLib\AndroidManifest.xml:17:5-71
	android:name
		ADDED from 20190808_1.0.1\IMLib\AndroidManifest.xml:17:22-68
uses-permission#android.permission.GET_TASKS
ADDED from 20190808_1.0.1\IMLib\AndroidManifest.xml:18:5-68
	android:name
		ADDED from 20190808_1.0.1\IMLib\AndroidManifest.xml:18:22-65
uses-permission#android.permission.MODIFY_AUDIO_SETTINGS
ADDED from 20190808_1.0.1\IMLib\AndroidManifest.xml:19:5-80
	android:name
		ADDED from 20190808_1.0.1\IMLib\AndroidManifest.xml:19:22-77
uses-permission#android.permission.VIBRATE
ADDED from 20190808_1.0.1\IMLib\AndroidManifest.xml:20:5-66
	android:name
		ADDED from 20190808_1.0.1\IMLib\AndroidManifest.xml:20:22-63
uses-permission#android.permission.CAMERA
ADDED from 20190808_1.0.1\IMLib\AndroidManifest.xml:21:5-65
	android:name
		ADDED from 20190808_1.0.1\IMLib\AndroidManifest.xml:21:22-62
uses-permission#android.permission.PROCESS_OUTGOING_CALLS
ADDED from 20190808_1.0.1\IMLib\AndroidManifest.xml:22:5-81
	android:name
		ADDED from 20190808_1.0.1\IMLib\AndroidManifest.xml:22:22-78
uses-permission#android.permission.SYSTEM_ALERT_WINDOW
ADDED from 20190808_1.0.1\IMLib\AndroidManifest.xml:23:5-78
	android:name
		ADDED from 20190808_1.0.1\IMLib\AndroidManifest.xml:23:22-75
application
ADDED from 20190808_1.0.1\IMLib\AndroidManifest.xml:26:5-75:19
service#io.rong.imlib.ipc.RongService
ADDED from 20190808_1.0.1\IMLib\AndroidManifest.xml:33:9-36:38
	android:process
		ADDED from 20190808_1.0.1\IMLib\AndroidManifest.xml:36:13-35
	android:exported
		ADDED from 20190808_1.0.1\IMLib\AndroidManifest.xml:35:13-36
	android:name
		ADDED from 20190808_1.0.1\IMLib\AndroidManifest.xml:34:13-57
receiver#io.rong.imlib.ConnectChangeReceiver
ADDED from 20190808_1.0.1\IMLib\AndroidManifest.xml:38:9-40:39
	android:exported
		ADDED from 20190808_1.0.1\IMLib\AndroidManifest.xml:40:13-36
	android:name
		ADDED from 20190808_1.0.1\IMLib\AndroidManifest.xml:39:13-63
receiver#io.rong.imlib.HeartbeatReceiver
ADDED from 20190808_1.0.1\IMLib\AndroidManifest.xml:42:9-44:38
	android:process
		ADDED from 20190808_1.0.1\IMLib\AndroidManifest.xml:44:13-35
	android:name
		ADDED from 20190808_1.0.1\IMLib\AndroidManifest.xml:43:13-59
service#io.rong.push.rongpush.PushService
ADDED from 20190808_1.0.1\IMLib\AndroidManifest.xml:48:9-52:46
	android:process
		ADDED from 20190808_1.0.1\IMLib\AndroidManifest.xml:52:13-43
	android:exported
		ADDED from 20190808_1.0.1\IMLib\AndroidManifest.xml:50:13-36
	android:permission
		ADDED from 20190808_1.0.1\IMLib\AndroidManifest.xml:51:13-69
	android:name
		ADDED from 20190808_1.0.1\IMLib\AndroidManifest.xml:49:13-61
receiver#io.rong.push.rongpush.PushReceiver
ADDED from 20190808_1.0.1\IMLib\AndroidManifest.xml:55:9-70:20
	android:process
		ADDED from 20190808_1.0.1\IMLib\AndroidManifest.xml:57:13-43
	android:name
		ADDED from 20190808_1.0.1\IMLib\AndroidManifest.xml:56:13-62
intent-filter#action:name:android.net.conn.CONNECTIVITY_CHANGE+action:name:io.rong.push.intent.action.HEART_BEAT
ADDED from 20190808_1.0.1\IMLib\AndroidManifest.xml:59:13-62:29
action#io.rong.push.intent.action.HEART_BEAT
ADDED from 20190808_1.0.1\IMLib\AndroidManifest.xml:60:17-80
	android:name
		ADDED from 20190808_1.0.1\IMLib\AndroidManifest.xml:60:25-77
action#android.net.conn.CONNECTIVITY_CHANGE
ADDED from 20190808_1.0.1\IMLib\AndroidManifest.xml:61:17-79
	android:name
		ADDED from 20190808_1.0.1\IMLib\AndroidManifest.xml:61:25-76
intent-filter#action:name:android.intent.action.ACTION_POWER_CONNECTED+action:name:android.intent.action.ACTION_POWER_DISCONNECTED+action:name:android.intent.action.USER_PRESENT
ADDED from 20190808_1.0.1\IMLib\AndroidManifest.xml:65:13-69:29
action#android.intent.action.USER_PRESENT
ADDED from 20190808_1.0.1\IMLib\AndroidManifest.xml:66:17-77
	android:name
		ADDED from 20190808_1.0.1\IMLib\AndroidManifest.xml:66:25-74
action#android.intent.action.ACTION_POWER_CONNECTED
ADDED from 20190808_1.0.1\IMLib\AndroidManifest.xml:67:17-87
	android:name
		ADDED from 20190808_1.0.1\IMLib\AndroidManifest.xml:67:25-84
action#android.intent.action.ACTION_POWER_DISCONNECTED
ADDED from 20190808_1.0.1\IMLib\AndroidManifest.xml:68:17-90
	android:name
		ADDED from 20190808_1.0.1\IMLib\AndroidManifest.xml:68:25-87
uses-sdk
INJECTED from 20190808_1.0.1\IMLib\AndroidManifest.xml reason: use-sdk injection requested
INJECTED from 20190808_1.0.1\IMLib\AndroidManifest.xml
INJECTED from 20190808_1.0.1\IMLib\AndroidManifest.xml
INJECTED from 20190808_1.0.1\IMLib\AndroidManifest.xml
INJECTED from 20190808_1.0.1\IMLib\AndroidManifest.xml
	android:targetSdkVersion
		INJECTED from 20190808_1.0.1\IMLib\AndroidManifest.xml
		ADDED from 20190808_1.0.1\IMLib\AndroidManifest.xml
		INJECTED from 20190808_1.0.1\IMLib\AndroidManifest.xml
	android:minSdkVersion
		INJECTED from 20190808_1.0.1\IMLib\AndroidManifest.xml
		ADDED from 20190808_1.0.1\IMLib\AndroidManifest.xml
		INJECTED from 20190808_1.0.1\IMLib\AndroidManifest.xml